Now listening on: http://localhost:5038
Application started. Press Ctrl+C to shut down.
Hosting environment: Development
Content root path: C:\Users\lalithashree.me\source\repos\EmployeeWebAPI\EmployeeWebAPI\
This is AddEmployee Action LogginglALITHA
Entity Framework Core 6.0.9 initialized 'EmployeeDBContext' using provider 'Microsoft.EntityFrameworkCore.InMemory:6.0.9' with options: StoreName=EmployeeDb 
Saved 1 entities to in-memory store.
Now listening on: http://localhost:5038
Application started. Press Ctrl+C to shut down.
Hosting environment: Development
Content root path: C:\Users\lalithashree.me\source\repos\EmployeeWebAPI\EmployeeWebAPI\
This is AddEmployee Action Logginglalitha
This is GetEmployees Action Warning
Entity Framework Core 6.0.9 initialized 'EmployeeDBContext' using provider 'Microsoft.EntityFrameworkCore.InMemory:6.0.9' with options: StoreName=EmployeeDb 
Saved 1 entities to in-memory store.
Now listening on: http://localhost:5038
Application started. Press Ctrl+C to shut down.
Hosting environment: Development
Content root path: C:\Users\lalithashree.me\source\repos\EmployeeWebAPI\EmployeeWebAPI\
This is AddEmployee Action LoggingLalitha
This is GetEmployees Action Warning
Entity Framework Core 6.0.9 initialized 'EmployeeDBContext' using provider 'Microsoft.EntityFrameworkCore.InMemory:6.0.9' with options: StoreName=EmployeeDb 
Saved 1 entities to in-memory store.
This is AddEmployee Action LoggingTAnu
This is GetEmployees Action Warning
Entity Framework Core 6.0.9 initialized 'EmployeeDBContext' using provider 'Microsoft.EntityFrameworkCore.InMemory:6.0.9' with options: StoreName=EmployeeDb 
Saved 1 entities to in-memory store.
This is AddEmployee Action LoggingSAvihta
This is GetEmployees Action Warning
Entity Framework Core 6.0.9 initialized 'EmployeeDBContext' using provider 'Microsoft.EntityFrameworkCore.InMemory:6.0.9' with options: StoreName=EmployeeDb 
Saved 1 entities to in-memory store.
Entity Framework Core 6.0.9 initialized 'EmployeeDBContext' using provider 'Microsoft.EntityFrameworkCore.InMemory:6.0.9' with options: StoreName=EmployeeDb 
Saved 1 entities to in-memory store.
Entity Framework Core 6.0.9 initialized 'EmployeeDBContext' using provider 'Microsoft.EntityFrameworkCore.InMemory:6.0.9' with options: StoreName=EmployeeDb 
Saved 1 entities to in-memory store.
Entity Framework Core 6.0.9 initialized 'EmployeeDBContext' using provider 'Microsoft.EntityFrameworkCore.InMemory:6.0.9' with options: StoreName=EmployeeDb 
Saved 1 entities to in-memory store.
Entity Framework Core 6.0.9 initialized 'EmployeeDBContext' using provider 'Microsoft.EntityFrameworkCore.InMemory:6.0.9' with options: StoreName=EmployeeDb 
An unhandled exception has occurred while executing the request.
Entity Framework Core 6.0.9 initialized 'EmployeeDBContext' using provider 'Microsoft.EntityFrameworkCore.InMemory:6.0.9' with options: StoreName=EmployeeDb 
An unhandled exception has occurred while executing the request.
Now listening on: http://localhost:5038
Application started. Press Ctrl+C to shut down.
Hosting environment: Development
Content root path: C:\Users\lalithashree.me\source\repos\EmployeeWebAPI\EmployeeWebAPI\
This is AddEmployee Action Logginglalitha
This is GetEmployees Action Warning
Entity Framework Core 6.0.9 initialized 'EmployeeDBContext' using provider 'Microsoft.EntityFrameworkCore.InMemory:6.0.9' with options: StoreName=EmployeeDb 
Saved 1 entities to in-memory store.
This is AddEmployee Action Loggingtanu
This is GetEmployees Action Warning
Entity Framework Core 6.0.9 initialized 'EmployeeDBContext' using provider 'Microsoft.EntityFrameworkCore.InMemory:6.0.9' with options: StoreName=EmployeeDb 
Saved 1 entities to in-memory store.
This is AddEmployee Action Loggingsavitha
This is GetEmployees Action Warning
Entity Framework Core 6.0.9 initialized 'EmployeeDBContext' using provider 'Microsoft.EntityFrameworkCore.InMemory:6.0.9' with options: StoreName=EmployeeDb 
Saved 1 entities to in-memory store.
Entity Framework Core 6.0.9 initialized 'EmployeeDBContext' using provider 'Microsoft.EntityFrameworkCore.InMemory:6.0.9' with options: StoreName=EmployeeDb 
Saved 1 entities to in-memory store.
Entity Framework Core 6.0.9 initialized 'EmployeeDBContext' using provider 'Microsoft.EntityFrameworkCore.InMemory:6.0.9' with options: StoreName=EmployeeDb 
Saved 1 entities to in-memory store.
Entity Framework Core 6.0.9 initialized 'EmployeeDBContext' using provider 'Microsoft.EntityFrameworkCore.InMemory:6.0.9' with options: StoreName=EmployeeDb 
An unhandled exception has occurred while executing the request.
Now listening on: http://localhost:5038
Application started. Press Ctrl+C to shut down.
Hosting environment: Development
Content root path: C:\Users\lalithashree.me\source\repos\EmployeeWebAPI\EmployeeWebAPI\
This is AddEmployee Action Logginglalitha
This is GetEmployees Action Warning
Entity Framework Core 6.0.9 initialized 'EmployeeDBContext' using provider 'Microsoft.EntityFrameworkCore.InMemory:6.0.9' with options: StoreName=EmployeeDb 
Saved 1 entities to in-memory store.
This is AddEmployee Action Loggingtanu
This is GetEmployees Action Warning
Entity Framework Core 6.0.9 initialized 'EmployeeDBContext' using provider 'Microsoft.EntityFrameworkCore.InMemory:6.0.9' with options: StoreName=EmployeeDb 
Saved 1 entities to in-memory store.
This is AddEmployee Action Loggingsavitha
This is GetEmployees Action Warning
Entity Framework Core 6.0.9 initialized 'EmployeeDBContext' using provider 'Microsoft.EntityFrameworkCore.InMemory:6.0.9' with options: StoreName=EmployeeDb 
Saved 1 entities to in-memory store.
Entity Framework Core 6.0.9 initialized 'EmployeeDBContext' using provider 'Microsoft.EntityFrameworkCore.InMemory:6.0.9' with options: StoreName=EmployeeDb 
Saved 1 entities to in-memory store.
Entity Framework Core 6.0.9 initialized 'EmployeeDBContext' using provider 'Microsoft.EntityFrameworkCore.InMemory:6.0.9' with options: StoreName=EmployeeDb 
Saved 1 entities to in-memory store.
Entity Framework Core 6.0.9 initialized 'EmployeeDBContext' using provider 'Microsoft.EntityFrameworkCore.InMemory:6.0.9' with options: StoreName=EmployeeDb 
Now listening on: http://localhost:5038
Application started. Press Ctrl+C to shut down.
Hosting environment: Development
Content root path: C:\Users\lalithashree.me\source\repos\EmployeeWebAPI\EmployeeWebAPI\
This is AddEmployee Action LoggingLalitha
This is GetEmployees Action Warning
Entity Framework Core 6.0.9 initialized 'EmployeeDBContext' using provider 'Microsoft.EntityFrameworkCore.InMemory:6.0.9' with options: StoreName=EmployeeDb 
Saved 1 entities to in-memory store.
This is AddEmployee Action LoggingTanu
This is GetEmployees Action Warning
Entity Framework Core 6.0.9 initialized 'EmployeeDBContext' using provider 'Microsoft.EntityFrameworkCore.InMemory:6.0.9' with options: StoreName=EmployeeDb 
Saved 1 entities to in-memory store.
This is AddEmployee Action LoggingTanuvuthga
This is GetEmployees Action Warning
Entity Framework Core 6.0.9 initialized 'EmployeeDBContext' using provider 'Microsoft.EntityFrameworkCore.InMemory:6.0.9' with options: StoreName=EmployeeDb 
Saved 1 entities to in-memory store.
Entity Framework Core 6.0.9 initialized 'EmployeeDBContext' using provider 'Microsoft.EntityFrameworkCore.InMemory:6.0.9' with options: StoreName=EmployeeDb 
Saved 1 entities to in-memory store.
Entity Framework Core 6.0.9 initialized 'EmployeeDBContext' using provider 'Microsoft.EntityFrameworkCore.InMemory:6.0.9' with options: StoreName=EmployeeDb 
An exception occurred in the database while saving changes for context type 'EmployeeWebAPI.Data.EmployeeDBContext'.
System.ArgumentException: An item with the same key has already been added. Key: 1
   at System.Collections.Generic.Dictionary`2.TryInsert(TKey key, TValue value, InsertionBehavior behavior)
   at Microsoft.EntityFrameworkCore.InMemory.Storage.Internal.InMemoryTable`1.Create(IUpdateEntry entry)
   at Microsoft.EntityFrameworkCore.InMemory.Storage.Internal.InMemoryStore.ExecuteTransaction(IList`1 entries, IDiagnosticsLogger`1 updateLogger)
   at Microsoft.EntityFrameworkCore.InMemory.Storage.Internal.InMemoryDatabase.SaveChangesAsync(IList`1 entries, CancellationToken cancellationToken)
   at Microsoft.EntityFrameworkCore.ChangeTracking.Internal.StateManager.SaveChangesAsync(IList`1 entriesToSave, CancellationToken cancellationToken)
   at Microsoft.EntityFrameworkCore.ChangeTracking.Internal.StateManager.SaveChangesAsync(StateManager stateManager, Boolean acceptAllChangesOnSuccess, CancellationToken cancellationToken)
   at Microsoft.EntityFrameworkCore.DbContext.SaveChangesAsync(Boolean acceptAllChangesOnSuccess, CancellationToken cancellationToken)
An unhandled exception has occurred while executing the request.
Entity Framework Core 6.0.9 initialized 'EmployeeDBContext' using provider 'Microsoft.EntityFrameworkCore.InMemory:6.0.9' with options: StoreName=EmployeeDb 
An unhandled exception has occurred while executing the request.
Entity Framework Core 6.0.9 initialized 'EmployeeDBContext' using provider 'Microsoft.EntityFrameworkCore.InMemory:6.0.9' with options: StoreName=EmployeeDb 
An exception occurred in the database while saving changes for context type 'EmployeeWebAPI.Data.EmployeeDBContext'.
System.ArgumentException: An item with the same key has already been added. Key: 1
   at System.Collections.Generic.Dictionary`2.TryInsert(TKey key, TValue value, InsertionBehavior behavior)
   at Microsoft.EntityFrameworkCore.InMemory.Storage.Internal.InMemoryTable`1.Create(IUpdateEntry entry)
   at Microsoft.EntityFrameworkCore.InMemory.Storage.Internal.InMemoryStore.ExecuteTransaction(IList`1 entries, IDiagnosticsLogger`1 updateLogger)
   at Microsoft.EntityFrameworkCore.InMemory.Storage.Internal.InMemoryDatabase.SaveChangesAsync(IList`1 entries, CancellationToken cancellationToken)
   at Microsoft.EntityFrameworkCore.ChangeTracking.Internal.StateManager.SaveChangesAsync(IList`1 entriesToSave, CancellationToken cancellationToken)
   at Microsoft.EntityFrameworkCore.ChangeTracking.Internal.StateManager.SaveChangesAsync(StateManager stateManager, Boolean acceptAllChangesOnSuccess, CancellationToken cancellationToken)
   at Microsoft.EntityFrameworkCore.DbContext.SaveChangesAsync(Boolean acceptAllChangesOnSuccess, CancellationToken cancellationToken)
An unhandled exception has occurred while executing the request.
Entity Framework Core 6.0.9 initialized 'EmployeeDBContext' using provider 'Microsoft.EntityFrameworkCore.InMemory:6.0.9' with options: StoreName=EmployeeDb 
Now listening on: http://localhost:5038
Application started. Press Ctrl+C to shut down.
Hosting environment: Development
Content root path: C:\Users\lalithashree.me\source\repos\EmployeeWebAPI\EmployeeWebAPI\
This is AddEmployee Action LoggingLalitha
This is GetEmployees Action Warning
Entity Framework Core 6.0.9 initialized 'EmployeeDBContext' using provider 'Microsoft.EntityFrameworkCore.InMemory:6.0.9' with options: StoreName=EmployeeDb 
Saved 1 entities to in-memory store.
This is AddEmployee Action LoggingTanu
This is GetEmployees Action Warning
Entity Framework Core 6.0.9 initialized 'EmployeeDBContext' using provider 'Microsoft.EntityFrameworkCore.InMemory:6.0.9' with options: StoreName=EmployeeDb 
Saved 1 entities to in-memory store.
This is AddEmployee Action LoggingSavitha
This is GetEmployees Action Warning
Entity Framework Core 6.0.9 initialized 'EmployeeDBContext' using provider 'Microsoft.EntityFrameworkCore.InMemory:6.0.9' with options: StoreName=EmployeeDb 
Saved 1 entities to in-memory store.
Entity Framework Core 6.0.9 initialized 'EmployeeDBContext' using provider 'Microsoft.EntityFrameworkCore.InMemory:6.0.9' with options: StoreName=EmployeeDb 
Saved 1 entities to in-memory store.
Entity Framework Core 6.0.9 initialized 'EmployeeDBContext' using provider 'Microsoft.EntityFrameworkCore.InMemory:6.0.9' with options: StoreName=EmployeeDb 
Saved 1 entities to in-memory store.
Entity Framework Core 6.0.9 initialized 'EmployeeDBContext' using provider 'Microsoft.EntityFrameworkCore.InMemory:6.0.9' with options: StoreName=EmployeeDb 
Now listening on: http://localhost:5038
Application started. Press Ctrl+C to shut down.
Hosting environment: Development
Content root path: C:\Users\lalithashree.me\source\repos\EmployeeWebAPI\EmployeeWebAPI\
This is AddEmployee Action LoggingLalitha
This is GetEmployees Action Warning
Entity Framework Core 6.0.9 initialized 'EmployeeDBContext' using provider 'Microsoft.EntityFrameworkCore.InMemory:6.0.9' with options: StoreName=EmployeeDb 
Saved 1 entities to in-memory store.
This is AddEmployee Action LoggingTanu
This is GetEmployees Action Warning
Entity Framework Core 6.0.9 initialized 'EmployeeDBContext' using provider 'Microsoft.EntityFrameworkCore.InMemory:6.0.9' with options: StoreName=EmployeeDb 
Saved 1 entities to in-memory store.
This is AddEmployee Action LoggingDivya
This is GetEmployees Action Warning
Entity Framework Core 6.0.9 initialized 'EmployeeDBContext' using provider 'Microsoft.EntityFrameworkCore.InMemory:6.0.9' with options: StoreName=EmployeeDb 
Saved 1 entities to in-memory store.
Entity Framework Core 6.0.9 initialized 'EmployeeDBContext' using provider 'Microsoft.EntityFrameworkCore.InMemory:6.0.9' with options: StoreName=EmployeeDb 
Saved 1 entities to in-memory store.
Entity Framework Core 6.0.9 initialized 'EmployeeDBContext' using provider 'Microsoft.EntityFrameworkCore.InMemory:6.0.9' with options: StoreName=EmployeeDb 
Saved 1 entities to in-memory store.
Entity Framework Core 6.0.9 initialized 'EmployeeDBContext' using provider 'Microsoft.EntityFrameworkCore.InMemory:6.0.9' with options: StoreName=EmployeeDb 
Now listening on: http://localhost:5038
Application started. Press Ctrl+C to shut down.
Hosting environment: Development
Content root path: C:\Users\lalithashree.me\source\repos\EmployeeWebAPI\EmployeeWebAPI\
This is AddEmployee Action LoggingLaltiha
This is GetEmployees Action Warning
Entity Framework Core 6.0.9 initialized 'EmployeeDBContext' using provider 'Microsoft.EntityFrameworkCore.InMemory:6.0.9' with options: StoreName=EmployeeDb 
Saved 1 entities to in-memory store.
This is AddEmployee Action LoggingTanu
This is GetEmployees Action Warning
Entity Framework Core 6.0.9 initialized 'EmployeeDBContext' using provider 'Microsoft.EntityFrameworkCore.InMemory:6.0.9' with options: StoreName=EmployeeDb 
Saved 1 entities to in-memory store.
This is AddEmployee Action LoggingSAvitha
This is GetEmployees Action Warning
Entity Framework Core 6.0.9 initialized 'EmployeeDBContext' using provider 'Microsoft.EntityFrameworkCore.InMemory:6.0.9' with options: StoreName=EmployeeDb 
Saved 1 entities to in-memory store.
Entity Framework Core 6.0.9 initialized 'EmployeeDBContext' using provider 'Microsoft.EntityFrameworkCore.InMemory:6.0.9' with options: StoreName=EmployeeDb 
Now listening on: http://localhost:5038
Application started. Press Ctrl+C to shut down.
Hosting environment: Development
Content root path: C:\Users\lalithashree.me\source\repos\EmployeeWebAPI\EmployeeWebAPI\
This is AddEmployee Action LoggingLalitha
This is GetEmployees Action Warning
Entity Framework Core 6.0.9 initialized 'EmployeeDBContext' using provider 'Microsoft.EntityFrameworkCore.InMemory:6.0.9' with options: StoreName=EmployeeDb 
Saved 1 entities to in-memory store.
This is AddEmployee Action LoggingTanu
This is GetEmployees Action Warning
Entity Framework Core 6.0.9 initialized 'EmployeeDBContext' using provider 'Microsoft.EntityFrameworkCore.InMemory:6.0.9' with options: StoreName=EmployeeDb 
Saved 1 entities to in-memory store.
This is AddEmployee Action LoggingTanuvitha
This is GetEmployees Action Warning
Entity Framework Core 6.0.9 initialized 'EmployeeDBContext' using provider 'Microsoft.EntityFrameworkCore.InMemory:6.0.9' with options: StoreName=EmployeeDb 
Saved 1 entities to in-memory store.
Entity Framework Core 6.0.9 initialized 'EmployeeDBContext' using provider 'Microsoft.EntityFrameworkCore.InMemory:6.0.9' with options: StoreName=EmployeeDb 
Entity Framework Core 6.0.9 initialized 'EmployeeDBContext' using provider 'Microsoft.EntityFrameworkCore.InMemory:6.0.9' with options: StoreName=EmployeeDb 
This is GetEmployees Action Logging
This is GetEmployees Action Warning
Entity Framework Core 6.0.9 initialized 'EmployeeDBContext' using provider 'Microsoft.EntityFrameworkCore.InMemory:6.0.9' with options: StoreName=EmployeeDb 
Entity Framework Core 6.0.9 initialized 'EmployeeDBContext' using provider 'Microsoft.EntityFrameworkCore.InMemory:6.0.9' with options: StoreName=EmployeeDb 
Saved 1 entities to in-memory store.
Entity Framework Core 6.0.9 initialized 'EmployeeDBContext' using provider 'Microsoft.EntityFrameworkCore.InMemory:6.0.9' with options: StoreName=EmployeeDb 
Saved 1 entities to in-memory store.
Entity Framework Core 6.0.9 initialized 'EmployeeDBContext' using provider 'Microsoft.EntityFrameworkCore.InMemory:6.0.9' with options: StoreName=EmployeeDb 
An unhandled exception has occurred while executing the request.
Entity Framework Core 6.0.9 initialized 'EmployeeDBContext' using provider 'Microsoft.EntityFrameworkCore.InMemory:6.0.9' with options: StoreName=EmployeeDb 
Now listening on: http://localhost:5038
Application started. Press Ctrl+C to shut down.
Hosting environment: Development
Content root path: C:\Users\lalithashree.me\source\repos\EmployeeWebAPI\EmployeeWebAPI\
This is AddEmployee Action LoggingIT
This is GetEmployees Action Warning
Entity Framework Core 6.0.9 initialized 'EmployeeDBContext' using provider 'Microsoft.EntityFrameworkCore.InMemory:6.0.9' with options: StoreName=EmployeeDb 
Saved 1 entities to in-memory store.
This is AddEmployee Action Logginglalitha
This is GetEmployees Action Warning
Entity Framework Core 6.0.9 initialized 'EmployeeDBContext' using provider 'Microsoft.EntityFrameworkCore.InMemory:6.0.9' with options: StoreName=EmployeeDb 
Saved 1 entities to in-memory store.
This is AddEmployee Action Loggingsavitha
This is GetEmployees Action Warning
Entity Framework Core 6.0.9 initialized 'EmployeeDBContext' using provider 'Microsoft.EntityFrameworkCore.InMemory:6.0.9' with options: StoreName=EmployeeDb 
Saved 1 entities to in-memory store.
This is GetEmployees Action Logging
This is GetEmployees Action Warning
Entity Framework Core 6.0.9 initialized 'EmployeeDBContext' using provider 'Microsoft.EntityFrameworkCore.InMemory:6.0.9' with options: StoreName=EmployeeDb 
Entity Framework Core 6.0.9 initialized 'EmployeeDBContext' using provider 'Microsoft.EntityFrameworkCore.InMemory:6.0.9' with options: StoreName=EmployeeDb 
Saved 1 entities to in-memory store.
Entity Framework Core 6.0.9 initialized 'EmployeeDBContext' using provider 'Microsoft.EntityFrameworkCore.InMemory:6.0.9' with options: StoreName=EmployeeDb 
Saved 1 entities to in-memory store.
Entity Framework Core 6.0.9 initialized 'EmployeeDBContext' using provider 'Microsoft.EntityFrameworkCore.InMemory:6.0.9' with options: StoreName=EmployeeDb 
Now listening on: http://localhost:5038
Application started. Press Ctrl+C to shut down.
Hosting environment: Development
Content root path: C:\Users\lalithashree.me\source\repos\EmployeeWebAPI\EmployeeWebAPI\
This is AddEmployee Action LoggingLaltiha
This is GetEmployees Action Warning
Entity Framework Core 6.0.9 initialized 'EmployeeDBContext' using provider 'Microsoft.EntityFrameworkCore.InMemory:6.0.9' with options: StoreName=EmployeeDb 
Saved 1 entities to in-memory store.
This is AddEmployee Action Loggingtanu
This is GetEmployees Action Warning
Entity Framework Core 6.0.9 initialized 'EmployeeDBContext' using provider 'Microsoft.EntityFrameworkCore.InMemory:6.0.9' with options: StoreName=EmployeeDb 
Saved 1 entities to in-memory store.
This is AddEmployee Action Loggingsavitha
This is GetEmployees Action Warning
Entity Framework Core 6.0.9 initialized 'EmployeeDBContext' using provider 'Microsoft.EntityFrameworkCore.InMemory:6.0.9' with options: StoreName=EmployeeDb 
Saved 1 entities to in-memory store.
Entity Framework Core 6.0.9 initialized 'EmployeeDBContext' using provider 'Microsoft.EntityFrameworkCore.InMemory:6.0.9' with options: StoreName=EmployeeDb 
Saved 1 entities to in-memory store.
Entity Framework Core 6.0.9 initialized 'EmployeeDBContext' using provider 'Microsoft.EntityFrameworkCore.InMemory:6.0.9' with options: StoreName=EmployeeDb 
Saved 1 entities to in-memory store.
Entity Framework Core 6.0.9 initialized 'EmployeeDBContext' using provider 'Microsoft.EntityFrameworkCore.InMemory:6.0.9' with options: StoreName=EmployeeDb 
Now listening on: http://localhost:5038
Application started. Press Ctrl+C to shut down.
Hosting environment: Development
Content root path: C:\Users\lalithashree.me\source\repos\EmployeeWebAPI\EmployeeWebAPI\
This is AddEmployee Action Logginglalitha
This is GetEmployees Action Warning
Entity Framework Core 6.0.9 initialized 'EmployeeDBContext' using provider 'Microsoft.EntityFrameworkCore.InMemory:6.0.9' with options: StoreName=EmployeeDb 
Saved 1 entities to in-memory store.
This is AddEmployee Action Loggingtanu
This is GetEmployees Action Warning
Entity Framework Core 6.0.9 initialized 'EmployeeDBContext' using provider 'Microsoft.EntityFrameworkCore.InMemory:6.0.9' with options: StoreName=EmployeeDb 
Saved 1 entities to in-memory store.
Entity Framework Core 6.0.9 initialized 'EmployeeDBContext' using provider 'Microsoft.EntityFrameworkCore.InMemory:6.0.9' with options: StoreName=EmployeeDb 
Saved 1 entities to in-memory store.
Entity Framework Core 6.0.9 initialized 'EmployeeDBContext' using provider 'Microsoft.EntityFrameworkCore.InMemory:6.0.9' with options: StoreName=EmployeeDb 
Saved 1 entities to in-memory store.
Entity Framework Core 6.0.9 initialized 'EmployeeDBContext' using provider 'Microsoft.EntityFrameworkCore.InMemory:6.0.9' with options: StoreName=EmployeeDb 
Now listening on: http://localhost:5038
Application started. Press Ctrl+C to shut down.
Hosting environment: Development
Content root path: C:\Users\lalithashree.me\source\repos\EmployeeWebAPI\EmployeeWebAPI\
Now listening on: http://localhost:5038
Application started. Press Ctrl+C to shut down.
Hosting environment: Development
Content root path: C:\Users\lalithashree.me\source\repos\EmployeeWebAPI\EmployeeWebAPI\
An unhandled exception has occurred while executing the request.
An unhandled exception has occurred while executing the request.
An unhandled exception has occurred while executing the request.
An unhandled exception has occurred while executing the request.
An unhandled exception has occurred while executing the request.
An unhandled exception has occurred while executing the request.
An unhandled exception has occurred while executing the request.
Now listening on: http://localhost:5038
Application started. Press Ctrl+C to shut down.
Hosting environment: Development
Content root path: C:\Users\lalithashree.me\source\repos\EmployeeWebAPI\EmployeeWebAPI\
This is GetEmployees Action Logging
This is GetEmployees Action Warning
Entity Framework Core 6.0.9 initialized 'EmployeeDBContext' using provider 'Microsoft.EntityFrameworkCore.InMemory:6.0.9' with options: StoreName=EmployeeDb 
This is AddEmployee Action LoggingLalitha
This is GetEmployees Action Warning
Entity Framework Core 6.0.9 initialized 'EmployeeDBContext' using provider 'Microsoft.EntityFrameworkCore.InMemory:6.0.9' with options: StoreName=EmployeeDb 
Saved 1 entities to in-memory store.
This is AddEmployee Action LoggingTanu
This is GetEmployees Action Warning
Entity Framework Core 6.0.9 initialized 'EmployeeDBContext' using provider 'Microsoft.EntityFrameworkCore.InMemory:6.0.9' with options: StoreName=EmployeeDb 
Saved 1 entities to in-memory store.
This is AddEmployee Action LoggingSavitha
This is GetEmployees Action Warning
Entity Framework Core 6.0.9 initialized 'EmployeeDBContext' using provider 'Microsoft.EntityFrameworkCore.InMemory:6.0.9' with options: StoreName=EmployeeDb 
Saved 1 entities to in-memory store.
Entity Framework Core 6.0.9 initialized 'EmployeeDBContext' using provider 'Microsoft.EntityFrameworkCore.InMemory:6.0.9' with options: StoreName=EmployeeDb 
Saved 1 entities to in-memory store.
Entity Framework Core 6.0.9 initialized 'EmployeeDBContext' using provider 'Microsoft.EntityFrameworkCore.InMemory:6.0.9' with options: StoreName=EmployeeDb 
Saved 1 entities to in-memory store.
Entity Framework Core 6.0.9 initialized 'EmployeeDBContext' using provider 'Microsoft.EntityFrameworkCore.InMemory:6.0.9' with options: StoreName=EmployeeDb 
This is GetEmployees Action Logging
This is GetEmployees Action Warning
Entity Framework Core 6.0.9 initialized 'EmployeeDBContext' using provider 'Microsoft.EntityFrameworkCore.InMemory:6.0.9' with options: StoreName=EmployeeDb 
Entity Framework Core 6.0.9 initialized 'EmployeeDBContext' using provider 'Microsoft.EntityFrameworkCore.InMemory:6.0.9' with options: StoreName=EmployeeDb 
Saved 1 entities to in-memory store.
Entity Framework Core 6.0.9 initialized 'EmployeeDBContext' using provider 'Microsoft.EntityFrameworkCore.InMemory:6.0.9' with options: StoreName=EmployeeDb 
Saved 1 entities to in-memory store.
Entity Framework Core 6.0.9 initialized 'EmployeeDBContext' using provider 'Microsoft.EntityFrameworkCore.InMemory:6.0.9' with options: StoreName=EmployeeDb 
Entity Framework Core 6.0.9 initialized 'EmployeeDBContext' using provider 'Microsoft.EntityFrameworkCore.InMemory:6.0.9' with options: StoreName=EmployeeDb 
Entity Framework Core 6.0.9 initialized 'EmployeeDBContext' using provider 'Microsoft.EntityFrameworkCore.InMemory:6.0.9' with options: StoreName=EmployeeDb 
Saved 1 entities to in-memory store.
Entity Framework Core 6.0.9 initialized 'EmployeeDBContext' using provider 'Microsoft.EntityFrameworkCore.InMemory:6.0.9' with options: StoreName=EmployeeDb 
Entity Framework Core 6.0.9 initialized 'EmployeeDBContext' using provider 'Microsoft.EntityFrameworkCore.InMemory:6.0.9' with options: StoreName=EmployeeDb 
Entity Framework Core 6.0.9 initialized 'EmployeeDBContext' using provider 'Microsoft.EntityFrameworkCore.InMemory:6.0.9' with options: StoreName=EmployeeDb 
